  main.cpp
c:\users\silve_000\documents\tina\college\csc 471\final project\csc471finalproject\src\main.cpp(44): warning C4244: 'initializing': conversion from 'double' to 'int', possible loss of data
c:\users\silve_000\documents\tina\college\csc 471\final project\csc471finalproject\src\main.cpp(60): warning C4101: 'fout': unreferenced local variable
c:\users\silve_000\documents\tina\college\csc 471\final project\csc471finalproject\src\main.cpp(115): warning C4305: '+=': truncation from 'double' to 'float'
c:\users\silve_000\documents\tina\college\csc 471\final project\csc471finalproject\src\main.cpp(125): warning C4244: 'initializing': conversion from 'double' to 'float', possible loss of data
c:\users\silve_000\documents\tina\college\csc 471\final project\csc471finalproject\src\main.cpp(137): warning C4244: 'initializing': conversion from 'double' to 'float', possible loss of data
c:\users\silve_000\documents\tina\college\csc 471\final project\csc471finalproject\src\main.cpp(187): warning C4244: '=': conversion from 'double' to 'float', possible loss of data
c:\users\silve_000\documents\tina\college\csc 471\final project\csc471finalproject\src\main.cpp(191): warning C4244: '=': conversion from 'double' to 'float', possible loss of data
c:\users\silve_000\documents\tina\college\csc 471\final project\csc471finalproject\src\main.cpp(195): warning C4244: '=': conversion from 'double' to 'float', possible loss of data
c:\users\silve_000\documents\tina\college\csc 471\final project\csc471finalproject\src\main.cpp(197): warning C4244: '=': conversion from 'double' to 'float', possible loss of data
c:\users\silve_000\documents\tina\college\csc 471\final project\csc471finalproject\src\main.cpp(201): warning C4244: '=': conversion from 'double' to 'float', possible loss of data
c:\users\silve_000\documents\tina\college\csc 471\final project\csc471finalproject\src\main.cpp(203): warning C4244: '=': conversion from 'double' to 'float', possible loss of data
c:\users\silve_000\documents\tina\college\csc 471\final project\csc471finalproject\src\main.cpp(207): warning C4244: '=': conversion from 'double' to 'float', possible loss of data
c:\users\silve_000\documents\tina\college\csc 471\final project\csc471finalproject\src\main.cpp(209): warning C4244: '=': conversion from 'double' to 'float', possible loss of data
c:\users\silve_000\documents\tina\college\csc 471\final project\csc471finalproject\src\main.cpp(332): warning C4101: 'newPt': unreferenced local variable
c:\users\silve_000\documents\tina\college\csc 471\final project\csc471finalproject\src\main.cpp(379): warning C4305: 'initializing': truncation from 'double' to 'float'
c:\users\silve_000\documents\tina\college\csc 471\final project\csc471finalproject\src\main.cpp(666): warning C4244: '+=': conversion from 'double' to 'float', possible loss of data
c:\users\silve_000\documents\tina\college\csc 471\final project\csc471finalproject\src\main.cpp(668): warning C4305: '=': truncation from 'double' to 'float'
c:\users\silve_000\documents\tina\college\csc 471\final project\csc471finalproject\src\main.cpp(670): warning C4305: 'initializing': truncation from 'double' to 'float'
c:\users\silve_000\documents\tina\college\csc 471\final project\csc471finalproject\src\main.cpp(710): warning C4244: '=': conversion from 'int' to 'float', possible loss of data
c:\users\silve_000\documents\tina\college\csc 471\final project\csc471finalproject\src\main.cpp(711): warning C4244: '=': conversion from 'int' to 'float', possible loss of data
c:\users\silve_000\documents\tina\college\csc 471\final project\csc471finalproject\src\main.cpp(749): warning C4244: '=': conversion from 'int' to 'float', possible loss of data
c:\users\silve_000\documents\tina\college\csc 471\final project\csc471finalproject\src\main.cpp(750): warning C4244: '=': conversion from 'int' to 'float', possible loss of data
  musicvis.vcxproj -> C:\Users\silve_000\Documents\Tina\COLLEGE\CSC 471\Final Project\csc471finalproject\Debug\musicvis.exe
